{"I:\\My-work\\Web-development\\React 2022 Course\\trivia-app\\src\\App.js": {"path":"I:\\My-work\\Web-development\\React 2022 Course\\trivia-app\\src\\App.js","statementMap":{"0":{"start":{"line":14,"column":6},"end":{"line":14,"column":21}},"1":{"start":{"line":15,"column":35},"end":{"line":15,"column":90}},"2":{"start":{"line":16,"column":21},"end":{"line":16,"column":88}},"3":{"start":{"line":18,"column":2},"end":{"line":22,"column":4}}},"fnMap":{"0":{"name":"App","decl":{"start":{"line":8,"column":9},"end":{"line":8,"column":12}},"loc":{"start":{"line":8,"column":15},"end":{"line":24,"column":1}},"line":8}},"branchMap":{"0":{"loc":{"start":{"line":15,"column":35},"end":{"line":15,"column":90}},"type":"cond-expr","locations":[{"start":{"line":15,"column":63},"end":{"line":15,"column":76}},{"start":{"line":15,"column":79},"end":{"line":15,"column":90}}],"line":15},"1":{"loc":{"start":{"line":16,"column":21},"end":{"line":16,"column":88}},"type":"cond-expr","locations":[{"start":{"line":16,"column":35},"end":{"line":16,"column":59}},{"start":{"line":16,"column":62},"end":{"line":16,"column":88}}],"line":16},"2":{"loc":{"start":{"line":20,"column":7},"end":{"line":20,"column":42}},"type":"cond-expr","locations":[{"start":{"line":20,"column":20},"end":{"line":20,"column":29}},{"start":{"line":20,"column":32},"end":{"line":20,"column":42}}],"line":20}},"s":{"0":4,"1":4,"2":4,"3":4},"f":{"0":4},"b":{"0":[1,3],"1":[2,2],"2":[3,1]},"_coverageSchema":"1a1c01bbd47fc00a2c39e90264f33305004495a9","hash":"1aad18d48a3f7423cf658a33d2324f221bb53ba6"}
,"I:\\My-work\\Web-development\\React 2022 Course\\trivia-app\\src\\Components\\Answer.js": {"path":"I:\\My-work\\Web-development\\React 2022 Course\\trivia-app\\src\\Components\\Answer.js","statementMap":{"0":{"start":{"line":10,"column":6},"end":{"line":10,"column":21}},"1":{"start":{"line":12,"column":25},"end":{"line":12,"column":70}},"2":{"start":{"line":12,"column":37},"end":{"line":12,"column":70}},"3":{"start":{"line":13,"column":21},"end":{"line":13,"column":58}},"4":{"start":{"line":16,"column":2},"end":{"line":18,"column":53}},"5":{"start":{"line":21,"column":2},"end":{"line":23,"column":21}},"6":{"start":{"line":26,"column":4},"end":{"line":28,"column":7}},"7":{"start":{"line":26,"column":36},"end":{"line":28,"column":6}},"8":{"start":{"line":27,"column":6},"end":{"line":27,"column":87}},"9":{"start":{"line":31,"column":2},"end":{"line":39,"column":3}}},"fnMap":{"0":{"name":"Answer","decl":{"start":{"line":4,"column":24},"end":{"line":4,"column":30}},"loc":{"start":{"line":4,"column":58},"end":{"line":40,"column":1}},"line":4},"1":{"name":"(anonymous_1)","decl":{"start":{"line":12,"column":25},"end":{"line":12,"column":26}},"loc":{"start":{"line":12,"column":37},"end":{"line":12,"column":70}},"line":12},"2":{"name":"selectAnswer","decl":{"start":{"line":25,"column":11},"end":{"line":25,"column":23}},"loc":{"start":{"line":25,"column":25},"end":{"line":29,"column":3}},"line":25},"3":{"name":"(anonymous_3)","decl":{"start":{"line":26,"column":23},"end":{"line":26,"column":24}},"loc":{"start":{"line":26,"column":36},"end":{"line":28,"column":6}},"line":26},"4":{"name":"(anonymous_4)","decl":{"start":{"line":26,"column":50},"end":{"line":26,"column":51}},"loc":{"start":{"line":26,"column":58},"end":{"line":28,"column":5}},"line":26}},"branchMap":{"0":{"loc":{"start":{"line":16,"column":2},"end":{"line":18,"column":53}},"type":"cond-expr","locations":[{"start":{"line":17,"column":3},"end":{"line":17,"column":51}},{"start":{"line":18,"column":3},"end":{"line":18,"column":52}}],"line":16},"1":{"loc":{"start":{"line":17,"column":3},"end":{"line":17,"column":51}},"type":"cond-expr","locations":[{"start":{"line":17,"column":16},"end":{"line":17,"column":31}},{"start":{"line":17,"column":34},"end":{"line":17,"column":51}}],"line":17},"2":{"loc":{"start":{"line":18,"column":3},"end":{"line":18,"column":52}},"type":"cond-expr","locations":[{"start":{"line":18,"column":16},"end":{"line":18,"column":31}},{"start":{"line":18,"column":34},"end":{"line":18,"column":52}}],"line":18},"3":{"loc":{"start":{"line":21,"column":2},"end":{"line":23,"column":21}},"type":"cond-expr","locations":[{"start":{"line":22,"column":2},"end":{"line":22,"column":18}},{"start":{"line":23,"column":2},"end":{"line":23,"column":21}}],"line":21},"4":{"loc":{"start":{"line":21,"column":3},"end":{"line":21,"column":45}},"type":"binary-expr","locations":[{"start":{"line":21,"column":3},"end":{"line":21,"column":14}},{"start":{"line":21,"column":19},"end":{"line":21,"column":44}}],"line":21},"5":{"loc":{"start":{"line":27,"column":13},"end":{"line":27,"column":87}},"type":"cond-expr","locations":[{"start":{"line":27,"column":41},"end":{"line":27,"column":75}},{"start":{"line":27,"column":78},"end":{"line":27,"column":87}}],"line":27}},"s":{"0":0,"1":0,"2":0,"3":0,"4":0,"5":0,"6":0,"7":0,"8":0,"9":0},"f":{"0":0,"1":0,"2":0,"3":0,"4":0},"b":{"0":[0,0],"1":[0,0],"2":[0,0],"3":[0,0],"4":[0,0],"5":[0,0]},"_coverageSchema":"1a1c01bbd47fc00a2c39e90264f33305004495a9","hash":"0ff22b03ac5285792b028f21263c1ee75e05027e"}
,"I:\\My-work\\Web-development\\React 2022 Course\\trivia-app\\src\\Components\\Context.js": {"path":"I:\\My-work\\Web-development\\React 2022 Course\\trivia-app\\src\\Components\\Context.js","statementMap":{"0":{"start":{"line":3,"column":16},"end":{"line":3,"column":31}},"1":{"start":{"line":4,"column":22},"end":{"line":4,"column":47}},"2":{"start":{"line":4,"column":28},"end":{"line":4,"column":47}},"3":{"start":{"line":8,"column":42},"end":{"line":8,"column":57}},"4":{"start":{"line":9,"column":44},"end":{"line":9,"column":56}},"5":{"start":{"line":10,"column":42},"end":{"line":10,"column":57}},"6":{"start":{"line":11,"column":52},"end":{"line":11,"column":67}},"7":{"start":{"line":12,"column":40},"end":{"line":12,"column":55}},"8":{"start":{"line":13,"column":48},"end":{"line":13,"column":59}},"9":{"start":{"line":14,"column":30},"end":{"line":14,"column":41}},"10":{"start":{"line":15,"column":50},"end":{"line":15,"column":62}},"11":{"start":{"line":18,"column":6},"end":{"line":18,"column":31}},"12":{"start":{"line":19,"column":6},"end":{"line":19,"column":26}},"13":{"start":{"line":23,"column":6},"end":{"line":29,"column":8}},"14":{"start":{"line":24,"column":23},"end":{"line":24,"column":25}},"15":{"start":{"line":25,"column":8},"end":{"line":27,"column":11}},"16":{"start":{"line":26,"column":10},"end":{"line":26,"column":68}},"17":{"start":{"line":28,"column":8},"end":{"line":28,"column":21}},"18":{"start":{"line":33,"column":6},"end":{"line":33,"column":32}},"19":{"start":{"line":34,"column":6},"end":{"line":34,"column":26}},"20":{"start":{"line":35,"column":6},"end":{"line":40,"column":10}},"21":{"start":{"line":36,"column":34},"end":{"line":38,"column":12}},"22":{"start":{"line":37,"column":10},"end":{"line":37,"column":41}},"23":{"start":{"line":39,"column":10},"end":{"line":39,"column":41}},"24":{"start":{"line":45,"column":6},"end":{"line":45,"column":25}},"25":{"start":{"line":46,"column":6},"end":{"line":46,"column":20}},"26":{"start":{"line":47,"column":6},"end":{"line":47,"column":27}},"27":{"start":{"line":48,"column":6},"end":{"line":48,"column":26}},"28":{"start":{"line":49,"column":6},"end":{"line":49,"column":31}},"29":{"start":{"line":53,"column":6},"end":{"line":59,"column":8}},"30":{"start":{"line":54,"column":18},"end":{"line":54,"column":28}},"31":{"start":{"line":55,"column":19},"end":{"line":55,"column":48}},"32":{"start":{"line":57,"column":8},"end":{"line":57,"column":29}},"33":{"start":{"line":58,"column":8},"end":{"line":58,"column":27}},"34":{"start":{"line":62,"column":4},"end":{"line":64,"column":24}},"35":{"start":{"line":63,"column":6},"end":{"line":63,"column":55}},"36":{"start":{"line":63,"column":28},"end":{"line":63,"column":54}},"37":{"start":{"line":66,"column":4},"end":{"line":68,"column":22}},"38":{"start":{"line":67,"column":6},"end":{"line":67,"column":29}},"39":{"start":{"line":70,"column":4},"end":{"line":72,"column":10}},"40":{"start":{"line":71,"column":6},"end":{"line":71,"column":20}},"41":{"start":{"line":74,"column":4},"end":{"line":93,"column":5}}},"fnMap":{"0":{"name":"(anonymous_0)","decl":{"start":{"line":4,"column":22},"end":{"line":4,"column":23}},"loc":{"start":{"line":4,"column":28},"end":{"line":4,"column":47}},"line":4},"1":{"name":"ContextProvider","decl":{"start":{"line":6,"column":9},"end":{"line":6,"column":24}},"loc":{"start":{"line":6,"column":32},"end":{"line":94,"column":1}},"line":6},"2":{"name":"startQuiz","decl":{"start":{"line":17,"column":13},"end":{"line":17,"column":22}},"loc":{"start":{"line":17,"column":24},"end":{"line":20,"column":5}},"line":17},"3":{"name":"newSelectedAnswersArr","decl":{"start":{"line":22,"column":13},"end":{"line":22,"column":34}},"loc":{"start":{"line":22,"column":36},"end":{"line":30,"column":5}},"line":22},"4":{"name":"(anonymous_4)","decl":{"start":{"line":23,"column":25},"end":{"line":23,"column":26}},"loc":{"start":{"line":23,"column":31},"end":{"line":29,"column":7}},"line":23},"5":{"name":"(anonymous_5)","decl":{"start":{"line":25,"column":29},"end":{"line":25,"column":30}},"loc":{"start":{"line":25,"column":37},"end":{"line":27,"column":9}},"line":25},"6":{"name":"checkAnswers","decl":{"start":{"line":32,"column":13},"end":{"line":32,"column":25}},"loc":{"start":{"line":32,"column":27},"end":{"line":41,"column":7}},"line":32},"7":{"name":"(anonymous_7)","decl":{"start":{"line":35,"column":24},"end":{"line":35,"column":25}},"loc":{"start":{"line":35,"column":30},"end":{"line":40,"column":9}},"line":35},"8":{"name":"(anonymous_8)","decl":{"start":{"line":36,"column":57},"end":{"line":36,"column":58}},"loc":{"start":{"line":37,"column":10},"end":{"line":37,"column":41}},"line":37},"9":{"name":"reset","decl":{"start":{"line":44,"column":13},"end":{"line":44,"column":18}},"loc":{"start":{"line":44,"column":20},"end":{"line":50,"column":5}},"line":44},"10":{"name":"getQuestions","decl":{"start":{"line":52,"column":13},"end":{"line":52,"column":25}},"loc":{"start":{"line":52,"column":27},"end":{"line":60,"column":5}},"line":52},"11":{"name":"(anonymous_11)","decl":{"start":{"line":54,"column":12},"end":{"line":54,"column":13}},"loc":{"start":{"line":54,"column":18},"end":{"line":54,"column":28}},"line":54},"12":{"name":"(anonymous_12)","decl":{"start":{"line":55,"column":12},"end":{"line":55,"column":13}},"loc":{"start":{"line":55,"column":19},"end":{"line":55,"column":48}},"line":55},"13":{"name":"(anonymous_13)","decl":{"start":{"line":56,"column":13},"end":{"line":56,"column":14}},"loc":{"start":{"line":56,"column":20},"end":{"line":59,"column":7}},"line":56},"14":{"name":"(anonymous_14)","decl":{"start":{"line":62,"column":14},"end":{"line":62,"column":15}},"loc":{"start":{"line":62,"column":20},"end":{"line":64,"column":5}},"line":62},"15":{"name":"(anonymous_15)","decl":{"start":{"line":63,"column":15},"end":{"line":63,"column":16}},"loc":{"start":{"line":63,"column":28},"end":{"line":63,"column":54}},"line":63},"16":{"name":"(anonymous_16)","decl":{"start":{"line":66,"column":14},"end":{"line":66,"column":15}},"loc":{"start":{"line":66,"column":20},"end":{"line":68,"column":5}},"line":66},"17":{"name":"(anonymous_17)","decl":{"start":{"line":70,"column":14},"end":{"line":70,"column":15}},"loc":{"start":{"line":70,"column":20},"end":{"line":72,"column":5}},"line":70}},"branchMap":{},"s":{"0":4,"1":4,"2":0,"3":0,"4":0,"5":0,"6":0,"7":0,"8":0,"9":0,"10":0,"11":0,"12":0,"13":0,"14":0,"15":0,"16":0,"17":0,"18":0,"19":0,"20":0,"21":0,"22":0,"23":0,"24":0,"25":0,"26":0,"27":0,"28":0,"29":0,"30":0,"31":0,"32":0,"33":0,"34":0,"35":0,"36":0,"37":0,"38":0,"39":0,"40":0,"41":0},"f":{"0":0,"1":0,"2":0,"3":0,"4":0,"5":0,"6":0,"7":0,"8":0,"9":0,"10":0,"11":0,"12":0,"13":0,"14":0,"15":0,"16":0,"17":0},"b":{},"_coverageSchema":"1a1c01bbd47fc00a2c39e90264f33305004495a9","hash":"46ef6058c30e3190b8c366dd6b6728e8484267d8"}
,"I:\\My-work\\Web-development\\React 2022 Course\\trivia-app\\src\\Components\\Question.js": {"path":"I:\\My-work\\Web-development\\React 2022 Course\\trivia-app\\src\\Components\\Question.js","statementMap":{"0":{"start":{"line":9,"column":21},"end":{"line":9,"column":59}},"1":{"start":{"line":10,"column":48},"end":{"line":10,"column":60}},"2":{"start":{"line":11,"column":31},"end":{"line":11,"column":46}},"3":{"start":{"line":12,"column":21},"end":{"line":12,"column":46}},"4":{"start":{"line":14,"column":2},"end":{"line":18,"column":24}},"5":{"start":{"line":15,"column":4},"end":{"line":17,"column":5}},"6":{"start":{"line":16,"column":6},"end":{"line":16,"column":36}},"7":{"start":{"line":20,"column":18},"end":{"line":22,"column":4}},"8":{"start":{"line":21,"column":6},"end":{"line":21,"column":78}},"9":{"start":{"line":23,"column":26},"end":{"line":23,"column":68}},"10":{"start":{"line":24,"column":2},"end":{"line":30,"column":3}}},"fnMap":{"0":{"name":"Question","decl":{"start":{"line":7,"column":9},"end":{"line":7,"column":17}},"loc":{"start":{"line":7,"column":63},"end":{"line":31,"column":1}},"line":7},"1":{"name":"(anonymous_1)","decl":{"start":{"line":14,"column":12},"end":{"line":14,"column":13}},"loc":{"start":{"line":14,"column":18},"end":{"line":18,"column":3}},"line":14},"2":{"name":"(anonymous_2)","decl":{"start":{"line":20,"column":38},"end":{"line":20,"column":39}},"loc":{"start":{"line":20,"column":48},"end":{"line":22,"column":3}},"line":20}},"branchMap":{"0":{"loc":{"start":{"line":15,"column":4},"end":{"line":17,"column":5}},"type":"if","locations":[{"start":{"line":15,"column":4},"end":{"line":17,"column":5}},{"start":{},"end":{}}],"line":15}},"s":{"0":1,"1":1,"2":1,"3":1,"4":1,"5":0,"6":0,"7":1,"8":0,"9":1,"10":0},"f":{"0":1,"1":0,"2":0},"b":{"0":[0,0]},"_coverageSchema":"1a1c01bbd47fc00a2c39e90264f33305004495a9","hash":"ca8d4229a0d8141be79dec27c9f1ad0fed692c5b"}
,"I:\\My-work\\Web-development\\React 2022 Course\\trivia-app\\src\\Components\\Questions.js": {"path":"I:\\My-work\\Web-development\\React 2022 Course\\trivia-app\\src\\Components\\Questions.js","statementMap":{"0":{"start":{"line":14,"column":6},"end":{"line":14,"column":21}},"1":{"start":{"line":26,"column":2},"end":{"line":41,"column":3}}},"fnMap":{"0":{"name":"Questions","decl":{"start":{"line":6,"column":24},"end":{"line":6,"column":33}},"loc":{"start":{"line":6,"column":41},"end":{"line":42,"column":1}},"line":6}},"branchMap":{"0":{"loc":{"start":{"line":31,"column":8},"end":{"line":36,"column":105}},"type":"cond-expr","locations":[{"start":{"line":32,"column":8},"end":{"line":35,"column":14}},{"start":{"line":36,"column":8},"end":{"line":36,"column":105}}],"line":31}},"s":{"0":2,"1":2},"f":{"0":2},"b":{"0":[1,1]},"_coverageSchema":"1a1c01bbd47fc00a2c39e90264f33305004495a9","hash":"1c96f80428b12a0c5ad23fcf1744e521674db4a7"}
,"I:\\My-work\\Web-development\\React 2022 Course\\trivia-app\\src\\Components\\Start.js": {"path":"I:\\My-work\\Web-development\\React 2022 Course\\trivia-app\\src\\Components\\Start.js","statementMap":{"0":{"start":{"line":5,"column":4},"end":{"line":18,"column":5}}},"fnMap":{"0":{"name":"Start","decl":{"start":{"line":3,"column":24},"end":{"line":3,"column":29}},"loc":{"start":{"line":3,"column":37},"end":{"line":19,"column":1}},"line":3}},"branchMap":{},"s":{"0":6},"f":{"0":6},"b":{},"_coverageSchema":"1a1c01bbd47fc00a2c39e90264f33305004495a9","hash":"1eef2532f07f05ef0850bac4ff4405cd31f9ccaf"}
,"I:\\My-work\\Web-development\\React 2022 Course\\trivia-app\\src\\Hooks\\useMappedQuestions.js": {"path":"I:\\My-work\\Web-development\\React 2022 Course\\trivia-app\\src\\Hooks\\useMappedQuestions.js","statementMap":{"0":{"start":{"line":6,"column":4},"end":{"line":13,"column":6}},"1":{"start":{"line":7,"column":4},"end":{"line":12,"column":6}}},"fnMap":{"0":{"name":"useMappedQuestions","decl":{"start":{"line":4,"column":24},"end":{"line":4,"column":42}},"loc":{"start":{"line":4,"column":48},"end":{"line":15,"column":1}},"line":4},"1":{"name":"(anonymous_1)","decl":{"start":{"line":6,"column":19},"end":{"line":6,"column":20}},"loc":{"start":{"line":7,"column":4},"end":{"line":12,"column":6}},"line":7}},"branchMap":{},"s":{"0":3,"1":2},"f":{"0":3,"1":2},"b":{},"_coverageSchema":"1a1c01bbd47fc00a2c39e90264f33305004495a9","hash":"2fd1dcd28a2ebf8aa520df88edbea7791d9cde47"}
,"I:\\My-work\\Web-development\\React 2022 Course\\trivia-app\\src\\Hooks\\useShuffleArr.js": {"path":"I:\\My-work\\Web-development\\React 2022 Course\\trivia-app\\src\\Hooks\\useShuffleArr.js","statementMap":{"0":{"start":{"line":2,"column":23},"end":{"line":2,"column":33}},"1":{"start":{"line":4,"column":4},"end":{"line":13,"column":5}},"2":{"start":{"line":6,"column":8},"end":{"line":6,"column":62}},"3":{"start":{"line":8,"column":8},"end":{"line":8,"column":22}},"4":{"start":{"line":10,"column":8},"end":{"line":11,"column":44}},"5":{"start":{"line":15,"column":4},"end":{"line":15,"column":14}}},"fnMap":{"0":{"name":"useShuffleArr","decl":{"start":{"line":1,"column":24},"end":{"line":1,"column":37}},"loc":{"start":{"line":1,"column":43},"end":{"line":16,"column":1}},"line":1}},"branchMap":{},"s":{"0":2,"1":2,"2":8,"3":8,"4":8,"5":2},"f":{"0":2},"b":{},"_coverageSchema":"1a1c01bbd47fc00a2c39e90264f33305004495a9","hash":"daef23c394ba9b78a150a62f516566ff3dab9c46"}
}
