TN:
SF:src\App.js
FN:8,App
FNF:1
FNH:1
FNDA:4,App
DA:14,4
DA:15,4
DA:16,4
DA:18,4
LF:4
LH:4
BRDA:15,0,0,1
BRDA:15,0,1,3
BRDA:16,1,0,2
BRDA:16,1,1,2
BRDA:20,2,0,3
BRDA:20,2,1,1
BRF:6
BRH:6
end_of_record
TN:
SF:src\Components\Context.js
FN:4,(anonymous_0)
FN:6,ContextProvider
FN:17,startQuiz
FN:22,newSelectedAnswersArr
FN:23,(anonymous_4)
FN:25,(anonymous_5)
FN:32,checkAnswers
FN:35,(anonymous_7)
FN:36,(anonymous_8)
FN:44,reset
FN:52,getQuestions
FN:54,(anonymous_11)
FN:55,(anonymous_12)
FN:56,(anonymous_13)
FN:62,(anonymous_14)
FN:63,(anonymous_15)
FN:66,(anonymous_16)
FN:70,(anonymous_17)
FNF:18
FNH:0
FNDA:0,(anonymous_0)
FNDA:0,ContextProvider
FNDA:0,startQuiz
FNDA:0,newSelectedAnswersArr
FNDA:0,(anonymous_4)
FNDA:0,(anonymous_5)
FNDA:0,checkAnswers
FNDA:0,(anonymous_7)
FNDA:0,(anonymous_8)
FNDA:0,reset
FNDA:0,getQuestions
FNDA:0,(anonymous_11)
FNDA:0,(anonymous_12)
FNDA:0,(anonymous_13)
FNDA:0,(anonymous_14)
FNDA:0,(anonymous_15)
FNDA:0,(anonymous_16)
FNDA:0,(anonymous_17)
DA:3,5
DA:4,5
DA:8,0
DA:9,0
DA:10,0
DA:11,0
DA:12,0
DA:13,0
DA:14,0
DA:15,0
DA:18,0
DA:19,0
DA:23,0
DA:24,0
DA:25,0
DA:26,0
DA:28,0
DA:33,0
DA:34,0
DA:35,0
DA:36,0
DA:37,0
DA:39,0
DA:45,0
DA:46,0
DA:47,0
DA:48,0
DA:49,0
DA:53,0
DA:54,0
DA:55,0
DA:57,0
DA:58,0
DA:62,0
DA:63,0
DA:66,0
DA:67,0
DA:70,0
DA:71,0
DA:74,0
LF:40
LH:2
BRF:0
BRH:0
end_of_record
TN:
SF:src\Components\Question.js
FN:8,Question
FN:15,(anonymous_1)
FNF:2
FNH:1
FNDA:1,Question
FNDA:0,(anonymous_1)
DA:10,1
DA:11,1
DA:12,1
DA:13,1
DA:15,1
DA:16,0
DA:17,0
DA:21,1
DA:26,1
DA:27,1
LF:10
LH:8
BRDA:16,0,0,0
BRDA:16,0,1,0
BRF:2
BRH:0
end_of_record
TN:
SF:src\Components\Questions.js
FN:6,Questions
FNF:1
FNH:1
FNDA:2,Questions
DA:14,2
DA:26,2
LF:2
LH:2
BRDA:31,0,0,1
BRDA:31,0,1,1
BRF:2
BRH:2
end_of_record
TN:
SF:src\Hooks\useMappedAnswers.js
FN:4,useMappedQuestions
FN:5,(anonymous_1)
FNF:2
FNH:2
FNDA:2,useMappedQuestions
FNDA:2,(anonymous_1)
DA:5,2
DA:6,2
LF:2
LH:2
BRF:0
BRH:0
end_of_record
TN:
SF:src\Hooks\useMappedQuestions.js
FN:4,useMappedQuestions
FN:6,(anonymous_1)
FNF:2
FNH:2
FNDA:3,useMappedQuestions
FNDA:2,(anonymous_1)
DA:6,3
DA:7,2
LF:2
LH:2
BRF:0
BRH:0
end_of_record
