TN:
SF:src\App.js
FN:8,App
FNF:1
FNH:1
FNDA:4,App
DA:14,4
DA:15,4
DA:16,4
DA:18,4
LF:4
LH:4
BRDA:15,0,0,1
BRDA:15,0,1,3
BRDA:16,1,0,2
BRDA:16,1,1,2
BRDA:20,2,0,3
BRDA:20,2,1,1
BRF:6
BRH:6
end_of_record
TN:
SF:src\Components\Answer.js
FN:4,Answer
FN:12,(anonymous_1)
FN:25,selectAnswer
FN:26,(anonymous_3)
FN:26,(anonymous_4)
FNF:5
FNH:0
FNDA:0,Answer
FNDA:0,(anonymous_1)
FNDA:0,selectAnswer
FNDA:0,(anonymous_3)
FNDA:0,(anonymous_4)
DA:10,0
DA:12,0
DA:13,0
DA:16,0
DA:21,0
DA:26,0
DA:27,0
DA:31,0
LF:8
LH:0
BRDA:16,0,0,0
BRDA:16,0,1,0
BRDA:17,1,0,0
BRDA:17,1,1,0
BRDA:18,2,0,0
BRDA:18,2,1,0
BRDA:21,3,0,0
BRDA:21,3,1,0
BRDA:21,4,0,0
BRDA:21,4,1,0
BRDA:27,5,0,0
BRDA:27,5,1,0
BRF:12
BRH:0
end_of_record
TN:
SF:src\Components\Context.js
FN:4,(anonymous_0)
FN:6,ContextProvider
FN:17,startQuiz
FN:22,newSelectedAnswersArr
FN:23,(anonymous_4)
FN:25,(anonymous_5)
FN:32,checkAnswers
FN:35,(anonymous_7)
FN:36,(anonymous_8)
FN:44,reset
FN:52,getQuestions
FN:54,(anonymous_11)
FN:55,(anonymous_12)
FN:56,(anonymous_13)
FN:62,(anonymous_14)
FN:63,(anonymous_15)
FN:66,(anonymous_16)
FN:70,(anonymous_17)
FNF:18
FNH:0
FNDA:0,(anonymous_0)
FNDA:0,ContextProvider
FNDA:0,startQuiz
FNDA:0,newSelectedAnswersArr
FNDA:0,(anonymous_4)
FNDA:0,(anonymous_5)
FNDA:0,checkAnswers
FNDA:0,(anonymous_7)
FNDA:0,(anonymous_8)
FNDA:0,reset
FNDA:0,getQuestions
FNDA:0,(anonymous_11)
FNDA:0,(anonymous_12)
FNDA:0,(anonymous_13)
FNDA:0,(anonymous_14)
FNDA:0,(anonymous_15)
FNDA:0,(anonymous_16)
FNDA:0,(anonymous_17)
DA:3,4
DA:4,4
DA:8,0
DA:9,0
DA:10,0
DA:11,0
DA:12,0
DA:13,0
DA:14,0
DA:15,0
DA:18,0
DA:19,0
DA:23,0
DA:24,0
DA:25,0
DA:26,0
DA:28,0
DA:33,0
DA:34,0
DA:35,0
DA:36,0
DA:37,0
DA:39,0
DA:45,0
DA:46,0
DA:47,0
DA:48,0
DA:49,0
DA:53,0
DA:54,0
DA:55,0
DA:57,0
DA:58,0
DA:62,0
DA:63,0
DA:66,0
DA:67,0
DA:70,0
DA:71,0
DA:74,0
LF:40
LH:2
BRF:0
BRH:0
end_of_record
TN:
SF:src\Components\Question.js
FN:7,Question
FN:14,(anonymous_1)
FN:20,(anonymous_2)
FNF:3
FNH:1
FNDA:1,Question
FNDA:0,(anonymous_1)
FNDA:0,(anonymous_2)
DA:9,1
DA:10,1
DA:11,1
DA:12,1
DA:14,1
DA:15,0
DA:16,0
DA:20,1
DA:21,0
DA:23,1
DA:24,0
LF:11
LH:7
BRDA:15,0,0,0
BRDA:15,0,1,0
BRF:2
BRH:0
end_of_record
TN:
SF:src\Components\Questions.js
FN:6,Questions
FNF:1
FNH:1
FNDA:2,Questions
DA:14,2
DA:26,2
LF:2
LH:2
BRDA:31,0,0,1
BRDA:31,0,1,1
BRF:2
BRH:2
end_of_record
TN:
SF:src\Components\Start.js
FN:3,Start
FNF:1
FNH:1
FNDA:6,Start
DA:5,6
LF:1
LH:1
BRF:0
BRH:0
end_of_record
TN:
SF:src\Hooks\useMappedQuestions.js
FN:4,useMappedQuestions
FN:6,(anonymous_1)
FNF:2
FNH:2
FNDA:3,useMappedQuestions
FNDA:2,(anonymous_1)
DA:6,3
DA:7,2
LF:2
LH:2
BRF:0
BRH:0
end_of_record
TN:
SF:src\Hooks\useShuffleArr.js
FN:1,useShuffleArr
FNF:1
FNH:1
FNDA:2,useShuffleArr
DA:2,2
DA:4,2
DA:6,8
DA:8,8
DA:10,8
DA:15,2
LF:6
LH:6
BRF:0
BRH:0
end_of_record
